    OpenRGB v0.9+ (1.0rc2)
    Commit:  from 
    Launched: 20260624_015438
====================================================================================================

52    |Info:    [ResourceManager] Initializing HID interfaces: Success
52    |Info:    ------------------------------------------------------
52    |Info:    |               Start device detection               |
52    |Info:    ------------------------------------------------------
56    |Info:    ------------------------------------------------------
56    |Info:    |             Detecting I2C interfaces               |
56    |Info:    ------------------------------------------------------
56    |Info:    [ResourceManager] Registering I2C interface: /dev/i2c-3 Device 1002:7550 Subsystem: 1ED3:7891
56    |Info:    [ResourceManager] Registering I2C interface: /dev/i2c-10 Device 1002:13C0 Subsystem: 1462:7E61
56    |Info:    [ResourceManager] Registering I2C interface: /dev/i2c-1 Device 1002:7550 Subsystem: 1ED3:7891
56    |Warning: [i2c_smbus_linux] Failed to read i2c device PCI device ID
56    |Info:    [ResourceManager] Registering I2C interface: /dev/i2c-8 Device 0000:0000 Subsystem: 0000:0000
56    |Info:    [ResourceManager] Registering I2C interface: /dev/i2c-6 Device 1002:7550 Subsystem: 1ED3:7891
56    |Info:    [ResourceManager] Registering I2C interface: /dev/i2c-13 Device 1022:790B Subsystem: 1462:7E61
56    |Info:    [ResourceManager] Registering I2C interface: /dev/i2c-4 Device 1002:7550 Subsystem: 1ED3:7891
56    |Info:    [ResourceManager] Registering I2C interface: /dev/i2c-11 Device 1022:790B Subsystem: 1462:7E61
56    |Info:    [ResourceManager] Registering I2C interface: /dev/i2c-2 Device 1002:7550 Subsystem: 1ED3:7891
56    |Info:    [ResourceManager] Registering I2C interface: /dev/i2c-0 Device 0000:0000 Subsystem: 0000:0000
56    |Warning: [i2c_smbus_linux] Failed to read i2c device PCI device ID
56    |Info:    [ResourceManager] Registering I2C interface: /dev/i2c-9 Device 0000:0000 Subsystem: 0000:0000
56    |Warning: [i2c_smbus_linux] Failed to read i2c device PCI device ID
56    |Info:    [ResourceManager] Registering I2C interface: /dev/i2c-7 Device 0000:0000 Subsystem: 0000:0000
56    |Info:    [ResourceManager] Registering I2C interface: /dev/i2c-5 Device 1002:7550 Subsystem: 1ED3:7891
56    |Info:    [ResourceManager] Registering I2C interface: /dev/i2c-12 Device 1022:790B Subsystem: 1462:7E61
56    |Info:    ------------------------------------------------------
56    |Info:    |               Detecting I2C devices                |
56    |Info:    ------------------------------------------------------
1039  |Info:    ------------------------------------------------------
1039  |Info:    |            Detecting I2C DIMM modules              |
1039  |Info:    ------------------------------------------------------
1087  |Info:    [ResourceManager] Detected occupied slot 2, bus 7, type DDR5
1160  |Info:    ------------------------------------------------------
1160  |Info:    |               Detecting I2C PCI devices            |
1160  |Info:    ------------------------------------------------------
1161  |Info:    ------------------------------------------------------
1161  |Info:    |               Detecting HID devices                |
1161  |Info:    ------------------------------------------------------
1212  |Info:    No matching driver found for MSI MAG B850M MORTAR WIFI (MS-7E61), packet length = 0
1212  |Info:    ------------------------------------------------------
1212  |Info:    |            Detecting libusb HID devices            |
1212  |Info:    ------------------------------------------------------
1219  |Info:    ------------------------------------------------------
1219  |Info:    |              Detecting other devices               |
1219  |Info:    ------------------------------------------------------
1227  |Info:    [ResourceManager] Calling Post-detection callbacks
1227  |Info:    ------------------------------------------------------
1227  |Info:    |                Detection completed                 |
1227  |Info:    ------------------------------------------------------
