    OpenRGB v0.9+ (git1994)
    Commit: 39343c3e9ed2781763618fca4f6156c99246a0cd from 2026-06-22 20:49:53 -0500
    Launched: 20260624_122826
====================================================================================================

58    |Info:    [ResourceManager] Initializing HID interfaces: Success
58    |Info:    ------------------------------------------------------
58    |Info:    |               Start device detection               |
58    |Info:    ------------------------------------------------------
63    |Info:    ------------------------------------------------------
63    |Info:    |             Detecting I2C interfaces               |
63    |Info:    ------------------------------------------------------
63    |Info:    [ResourceManager] Registering I2C interface: AMDGPU DM i2c hw bus 0 (/dev/i2c-3) Device 1002:7550 Subsystem: 1ED3:7891
63    |Info:    [ResourceManager] Registering I2C interface: AMDGPU DM i2c hw bus 0 (/dev/i2c-10) Device 1002:13C0 Subsystem: 1462:7E61
63    |Info:    [ResourceManager] Registering I2C interface: AMDGPU SMU 0 (/dev/i2c-1) Device 1002:7550 Subsystem: 1ED3:7891
63    |Info:    [i2c_smbus_linux] Failed to read i2c device PCI device ID
63    |Info:    [ResourceManager] Registering I2C interface: AMDGPU DM aux hw bus 1 (/dev/i2c-8) Device 0000:0000 Subsystem: 0000:0000
63    |Info:    [ResourceManager] Registering I2C interface: AMDGPU DM i2c hw bus 3 (/dev/i2c-6) Device 1002:7550 Subsystem: 1ED3:7891
63    |Info:    [ResourceManager] Registering I2C interface: SMBus PIIX4 adapter port 1 at 0b20 (/dev/i2c-13) Device 1022:790B Subsystem: 1462:7E61
63    |Info:    [ResourceManager] Registering I2C interface: AMDGPU DM i2c hw bus 1 (/dev/i2c-4) Device 1002:7550 Subsystem: 1ED3:7891
63    |Info:    [ResourceManager] Registering I2C interface: SMBus PIIX4 adapter port 0 at 0b00 (/dev/i2c-11) Device 1022:790B Subsystem: 1462:7E61
63    |Info:    [ResourceManager] Registering I2C interface: AMDGPU SMU 1 (/dev/i2c-2) Device 1002:7550 Subsystem: 1ED3:7891
63    |Info:    [ResourceManager] Registering I2C interface: Synopsys DesignWare I2C adapter (/dev/i2c-0) Device 0000:0000 Subsystem: 0000:0000
63    |Info:    [i2c_smbus_linux] Failed to read i2c device PCI device ID
63    |Info:    [ResourceManager] Registering I2C interface: AMDGPU DM aux hw bus 2 (/dev/i2c-9) Device 0000:0000 Subsystem: 0000:0000
63    |Info:    [i2c_smbus_linux] Failed to read i2c device PCI device ID
63    |Info:    [ResourceManager] Registering I2C interface: AMDGPU DM aux hw bus 0 (/dev/i2c-7) Device 0000:0000 Subsystem: 0000:0000
63    |Info:    [ResourceManager] Registering I2C interface: AMDGPU DM i2c hw bus 2 (/dev/i2c-5) Device 1002:7550 Subsystem: 1ED3:7891
63    |Info:    [ResourceManager] Registering I2C interface: SMBus PIIX4 adapter port 2 at 0b00 (/dev/i2c-12) Device 1022:790B Subsystem: 1462:7E61
63    |Info:    ------------------------------------------------------
63    |Info:    |               Detecting I2C devices                |
63    |Info:    ------------------------------------------------------
760   |Info:    ------------------------------------------------------
760   |Info:    |            Detecting I2C DIMM modules              |
760   |Info:    ------------------------------------------------------
1844  |Info:    [ResourceManager] Detected occupied slot 2, bus 7, type DDR5
1934  |Info:    ------------------------------------------------------
1934  |Info:    |               Detecting I2C PCI devices            |
1934  |Info:    ------------------------------------------------------
1934  |Info:    ------------------------------------------------------
1934  |Info:    |               Detecting HID devices                |
1934  |Info:    ------------------------------------------------------
1989  |Info:    Read 290 bytes from read enable packet, subsequent get reports should work
2000  |Info:    Sending configuration resulted in 290

2000  |Info:    [MSI MYSTIC LIGHT] Registering RGB controller
2000  |Info:    ------------------------------------------------------
2000  |Info:    |            Detecting libusb HID devices            |
2000  |Info:    ------------------------------------------------------
2007  |Info:    ------------------------------------------------------
2007  |Info:    |              Detecting other devices               |
2007  |Info:    ------------------------------------------------------
2016  |Info:    [ResourceManager] Calling Post-detection callbacks
2016  |Info:    ------------------------------------------------------
2016  |Info:    |                Detection completed                 |
2016  |Info:    ------------------------------------------------------
31296 |Info:    [ResourceManager] Initializing HID interfaces: Success
31296 |Info:    ------------------------------------------------------
31296 |Info:    |               Start device detection               |
31296 |Info:    ------------------------------------------------------
31300 |Info:    ------------------------------------------------------
31300 |Info:    |             Detecting I2C interfaces               |
31300 |Info:    ------------------------------------------------------
31300 |Info:    [ResourceManager] Registering I2C interface: AMDGPU DM i2c hw bus 0 (/dev/i2c-3) Device 1002:7550 Subsystem: 1ED3:7891
31300 |Info:    [ResourceManager] Registering I2C interface: AMDGPU DM i2c hw bus 0 (/dev/i2c-10) Device 1002:13C0 Subsystem: 1462:7E61
31300 |Info:    [ResourceManager] Registering I2C interface: AMDGPU SMU 0 (/dev/i2c-1) Device 1002:7550 Subsystem: 1ED3:7891
31300 |Info:    [i2c_smbus_linux] Failed to read i2c device PCI device ID
31300 |Info:    [ResourceManager] Registering I2C interface: AMDGPU DM aux hw bus 1 (/dev/i2c-8) Device 0000:0000 Subsystem: 0000:0000
31300 |Info:    [ResourceManager] Registering I2C interface: AMDGPU DM i2c hw bus 3 (/dev/i2c-6) Device 1002:7550 Subsystem: 1ED3:7891
31300 |Info:    [ResourceManager] Registering I2C interface: SMBus PIIX4 adapter port 1 at 0b20 (/dev/i2c-13) Device 1022:790B Subsystem: 1462:7E61
31300 |Info:    [ResourceManager] Registering I2C interface: AMDGPU DM i2c hw bus 1 (/dev/i2c-4) Device 1002:7550 Subsystem: 1ED3:7891
31300 |Info:    [ResourceManager] Registering I2C interface: SMBus PIIX4 adapter port 0 at 0b00 (/dev/i2c-11) Device 1022:790B Subsystem: 1462:7E61
31300 |Info:    [ResourceManager] Registering I2C interface: AMDGPU SMU 1 (/dev/i2c-2) Device 1002:7550 Subsystem: 1ED3:7891
31300 |Info:    [ResourceManager] Registering I2C interface: Synopsys DesignWare I2C adapter (/dev/i2c-0) Device 0000:0000 Subsystem: 0000:0000
31300 |Info:    [i2c_smbus_linux] Failed to read i2c device PCI device ID
31300 |Info:    [ResourceManager] Registering I2C interface: AMDGPU DM aux hw bus 2 (/dev/i2c-9) Device 0000:0000 Subsystem: 0000:0000
31300 |Info:    [i2c_smbus_linux] Failed to read i2c device PCI device ID
31300 |Info:    [ResourceManager] Registering I2C interface: AMDGPU DM aux hw bus 0 (/dev/i2c-7) Device 0000:0000 Subsystem: 0000:0000
31300 |Info:    [ResourceManager] Registering I2C interface: AMDGPU DM i2c hw bus 2 (/dev/i2c-5) Device 1002:7550 Subsystem: 1ED3:7891
31300 |Info:    [ResourceManager] Registering I2C interface: SMBus PIIX4 adapter port 2 at 0b00 (/dev/i2c-12) Device 1022:790B Subsystem: 1462:7E61
31300 |Info:    ------------------------------------------------------
31300 |Info:    |               Detecting I2C devices                |
31300 |Info:    ------------------------------------------------------
31991 |Info:    ------------------------------------------------------
31991 |Info:    |            Detecting I2C DIMM modules              |
31992 |Info:    ------------------------------------------------------
32055 |Info:    [ResourceManager] Detected occupied slot 2, bus 7, type DDR5
32145 |Info:    ------------------------------------------------------
32145 |Info:    |               Detecting I2C PCI devices            |
32145 |Info:    ------------------------------------------------------
32145 |Info:    ------------------------------------------------------
32145 |Info:    |               Detecting HID devices                |
32145 |Info:    ------------------------------------------------------
32200 |Info:    Read 290 bytes from read enable packet, subsequent get reports should work
32211 |Info:    Sending configuration resulted in 290

32211 |Info:    [MSI MYSTIC LIGHT] Registering RGB controller
32211 |Info:    ------------------------------------------------------
32211 |Info:    |            Detecting libusb HID devices            |
32211 |Info:    ------------------------------------------------------
32213 |Info:    ------------------------------------------------------
32213 |Info:    |              Detecting other devices               |
32213 |Info:    ------------------------------------------------------
32217 |Info:    [ResourceManager] Calling Post-detection callbacks
32217 |Info:    ------------------------------------------------------
32217 |Info:    |                Detection completed                 |
32217 |Info:    ------------------------------------------------------
94393 |Info:    [ProfileManager] Found file: blue.orp attempting to validate header
94393 |Info:    [ProfileManager] Valid v5 profile found for blue
161765|Info:    [ProfileManager] Found file: blue.orp attempting to validate header
161765|Info:    [ProfileManager] Valid v5 profile found for blue
166078|Info:    [ProfileManager] Profile loading: Succeeded for MSI MYSTIC LIGHT @ HID: /dev/hidraw0
175318|Info:    [ProfileManager] Found file: 1.orp attempting to validate header
175318|Info:    [ProfileManager] Valid v5 profile found for 1
