    OpenRGB v0.9+ (1.0rc2)
    Commit:  from 
    Launched: 20260624_003911
====================================================================================================

1     |Info:    [ResourceManager] Initializing HID interfaces: Success
1     |Info:    ------------------------------------------------------
1     |Info:    |               Start device detection               |
1     |Info:    ------------------------------------------------------
5     |Info:    ------------------------------------------------------
5     |Info:    |             Detecting I2C interfaces               |
5     |Info:    ------------------------------------------------------
5     |Info:    [ResourceManager] Registering I2C interface: /dev/i2c-3 Device 1002:7550 Subsystem: 1ED3:7891
5     |Info:    [ResourceManager] Registering I2C interface: /dev/i2c-10 Device 1002:13C0 Subsystem: 1462:7E61
5     |Info:    [ResourceManager] Registering I2C interface: /dev/i2c-1 Device 1002:7550 Subsystem: 1ED3:7891
5     |Warning: [i2c_smbus_linux] Failed to read i2c device PCI device ID
5     |Info:    [ResourceManager] Registering I2C interface: /dev/i2c-8 Device 0000:0000 Subsystem: 0000:0000
5     |Info:    [ResourceManager] Registering I2C interface: /dev/i2c-6 Device 1002:7550 Subsystem: 1ED3:7891
5     |Info:    [ResourceManager] Registering I2C interface: /dev/i2c-13 Device 1022:790B Subsystem: 1462:7E61
6     |Info:    [ResourceManager] Registering I2C interface: /dev/i2c-4 Device 1002:7550 Subsystem: 1ED3:7891
6     |Info:    [ResourceManager] Registering I2C interface: /dev/i2c-11 Device 1022:790B Subsystem: 1462:7E61
6     |Info:    [ResourceManager] Registering I2C interface: /dev/i2c-2 Device 1002:7550 Subsystem: 1ED3:7891
6     |Info:    [ResourceManager] Registering I2C interface: /dev/i2c-0 Device 0000:0000 Subsystem: 0000:0000
6     |Warning: [i2c_smbus_linux] Failed to read i2c device PCI device ID
6     |Info:    [ResourceManager] Registering I2C interface: /dev/i2c-9 Device 0000:0000 Subsystem: 0000:0000
6     |Warning: [i2c_smbus_linux] Failed to read i2c device PCI device ID
6     |Info:    [ResourceManager] Registering I2C interface: /dev/i2c-7 Device 0000:0000 Subsystem: 0000:0000
6     |Info:    [ResourceManager] Registering I2C interface: /dev/i2c-5 Device 1002:7550 Subsystem: 1ED3:7891
6     |Info:    [ResourceManager] Registering I2C interface: /dev/i2c-12 Device 1022:790B Subsystem: 1462:7E61
6     |Info:    ------------------------------------------------------
6     |Info:    |               Detecting I2C devices                |
6     |Info:    ------------------------------------------------------
845   |Info:    ------------------------------------------------------
845   |Info:    |            Detecting I2C DIMM modules              |
845   |Info:    ------------------------------------------------------
874   |Info:    [ResourceManager] Detected occupied slot 2, bus 7, type DDR5
919   |Info:    ------------------------------------------------------
919   |Info:    |               Detecting I2C PCI devices            |
919   |Info:    ------------------------------------------------------
919   |Info:    ------------------------------------------------------
919   |Info:    |               Detecting HID devices                |
919   |Info:    ------------------------------------------------------
971   |Info:    No matching driver found for MSI MAG B850M MORTAR WIFI (MS-7E61), packet length = 0
971   |Info:    ------------------------------------------------------
971   |Info:    |            Detecting libusb HID devices            |
971   |Info:    ------------------------------------------------------
977   |Info:    ------------------------------------------------------
977   |Info:    |              Detecting other devices               |
977   |Info:    ------------------------------------------------------
985   |Info:    [ResourceManager] Calling Post-detection callbacks
985   |Info:    ------------------------------------------------------
985   |Info:    |                Detection completed                 |
985   |Info:    ------------------------------------------------------
985   |Dialog:  <h2>Some internal devices may not be detected:</h2><p>One or more I2C or SMBus interfaces failed to initialize.</p><p><b>RGB DRAM modules, some motherboards' onboard RGB lighting, and RGB Graphics Cards, will not be available in OpenRGB</b> without I2C or SMBus.</p><h4>How to fix this:</h4><p>On Linux, this is usually because the i2c-dev module is not loaded.</p><p>You must load the i2c-dev module along with the correct i2c driver for your motherboard. This is usually i2c-piix4 for AMD systems and i2c-i801 for Intel systems.</p><p>See <a href='https://help.openrgb.org/'>help.openrgb.org</a> for additional troubleshooting steps if you keep seeing this message.<br></p><h3>If you are not using internal RGB on a desktop this message is not important to you.</h3>
