    OpenRGB v0.9+ (1.0rc2)
    Commit:  from 
    Launched: 20260624_014102
====================================================================================================

58    |Info:    [ResourceManager] Initializing HID interfaces: Success
58    |Info:    ------------------------------------------------------
58    |Info:    |               Start device detection               |
58    |Info:    ------------------------------------------------------
62    |Info:    ------------------------------------------------------
62    |Info:    |             Detecting I2C interfaces               |
62    |Info:    ------------------------------------------------------
62    |Info:    [ResourceManager] Registering I2C interface: /dev/i2c-3 Device 1002:7550 Subsystem: 1ED3:7891
62    |Info:    [ResourceManager] Registering I2C interface: /dev/i2c-10 Device 1002:13C0 Subsystem: 1462:7E61
62    |Info:    [ResourceManager] Registering I2C interface: /dev/i2c-1 Device 1002:7550 Subsystem: 1ED3:7891
62    |Warning: [i2c_smbus_linux] Failed to read i2c device PCI device ID
62    |Info:    [ResourceManager] Registering I2C interface: /dev/i2c-8 Device 0000:0000 Subsystem: 0000:0000
62    |Info:    [ResourceManager] Registering I2C interface: /dev/i2c-6 Device 1002:7550 Subsystem: 1ED3:7891
62    |Info:    [ResourceManager] Registering I2C interface: /dev/i2c-13 Device 1022:790B Subsystem: 1462:7E61
62    |Info:    [ResourceManager] Registering I2C interface: /dev/i2c-4 Device 1002:7550 Subsystem: 1ED3:7891
62    |Info:    [ResourceManager] Registering I2C interface: /dev/i2c-11 Device 1022:790B Subsystem: 1462:7E61
62    |Info:    [ResourceManager] Registering I2C interface: /dev/i2c-2 Device 1002:7550 Subsystem: 1ED3:7891
62    |Info:    [ResourceManager] Registering I2C interface: /dev/i2c-0 Device 0000:0000 Subsystem: 0000:0000
62    |Warning: [i2c_smbus_linux] Failed to read i2c device PCI device ID
62    |Info:    [ResourceManager] Registering I2C interface: /dev/i2c-9 Device 0000:0000 Subsystem: 0000:0000
62    |Warning: [i2c_smbus_linux] Failed to read i2c device PCI device ID
62    |Info:    [ResourceManager] Registering I2C interface: /dev/i2c-7 Device 0000:0000 Subsystem: 0000:0000
62    |Info:    [ResourceManager] Registering I2C interface: /dev/i2c-5 Device 1002:7550 Subsystem: 1ED3:7891
62    |Info:    [ResourceManager] Registering I2C interface: /dev/i2c-12 Device 1022:790B Subsystem: 1462:7E61
62    |Info:    ------------------------------------------------------
62    |Info:    |               Detecting I2C devices                |
62    |Info:    ------------------------------------------------------
1042  |Info:    ------------------------------------------------------
1042  |Info:    |            Detecting I2C DIMM modules              |
1042  |Info:    ------------------------------------------------------
2107  |Info:    [ResourceManager] Detected occupied slot 2, bus 7, type DDR5
2179  |Info:    ------------------------------------------------------
2180  |Info:    |               Detecting I2C PCI devices            |
2180  |Info:    ------------------------------------------------------
2180  |Info:    ------------------------------------------------------
2180  |Info:    |               Detecting HID devices                |
2180  |Info:    ------------------------------------------------------
2231  |Info:    No matching driver found for MSI MAG B850M MORTAR WIFI (MS-7E61), packet length = 0
2231  |Info:    ------------------------------------------------------
2231  |Info:    |            Detecting libusb HID devices            |
2231  |Info:    ------------------------------------------------------
2242  |Info:    ------------------------------------------------------
2242  |Info:    |              Detecting other devices               |
2242  |Info:    ------------------------------------------------------
2250  |Info:    [ResourceManager] Calling Post-detection callbacks
2250  |Info:    ------------------------------------------------------
2250  |Info:    |                Detection completed                 |
2250  |Info:    ------------------------------------------------------
