    OpenRGB v0.9+ (1.0rc2)
    Commit:  from 
    Launched: 20260624_004855
====================================================================================================

56    |Info:    [ResourceManager] Initializing HID interfaces: Success
56    |Info:    ------------------------------------------------------
56    |Info:    |               Start device detection               |
56    |Info:    ------------------------------------------------------
68    |Info:    ------------------------------------------------------
68    |Info:    |             Detecting I2C interfaces               |
68    |Info:    ------------------------------------------------------
68    |Info:    [ResourceManager] Registering I2C interface: /dev/i2c-3 Device 1002:7550 Subsystem: 1ED3:7891
68    |Info:    [ResourceManager] Registering I2C interface: /dev/i2c-10 Device 1002:13C0 Subsystem: 1462:7E61
68    |Info:    [ResourceManager] Registering I2C interface: /dev/i2c-1 Device 1002:7550 Subsystem: 1ED3:7891
68    |Warning: [i2c_smbus_linux] Failed to read i2c device PCI device ID
68    |Info:    [ResourceManager] Registering I2C interface: /dev/i2c-8 Device 0000:0000 Subsystem: 0000:0000
69    |Info:    [ResourceManager] Registering I2C interface: /dev/i2c-6 Device 1002:7550 Subsystem: 1ED3:7891
69    |Info:    [ResourceManager] Registering I2C interface: /dev/i2c-13 Device 1022:790B Subsystem: 1462:7E61
69    |Info:    [ResourceManager] Registering I2C interface: /dev/i2c-4 Device 1002:7550 Subsystem: 1ED3:7891
69    |Info:    [ResourceManager] Registering I2C interface: /dev/i2c-11 Device 1022:790B Subsystem: 1462:7E61
69    |Info:    [ResourceManager] Registering I2C interface: /dev/i2c-2 Device 1002:7550 Subsystem: 1ED3:7891
69    |Info:    [ResourceManager] Registering I2C interface: /dev/i2c-0 Device 0000:0000 Subsystem: 0000:0000
69    |Warning: [i2c_smbus_linux] Failed to read i2c device PCI device ID
69    |Info:    [ResourceManager] Registering I2C interface: /dev/i2c-9 Device 0000:0000 Subsystem: 0000:0000
69    |Warning: [i2c_smbus_linux] Failed to read i2c device PCI device ID
69    |Info:    [ResourceManager] Registering I2C interface: /dev/i2c-7 Device 0000:0000 Subsystem: 0000:0000
69    |Info:    [ResourceManager] Registering I2C interface: /dev/i2c-5 Device 1002:7550 Subsystem: 1ED3:7891
69    |Info:    [ResourceManager] Registering I2C interface: /dev/i2c-12 Device 1022:790B Subsystem: 1462:7E61
69    |Info:    ------------------------------------------------------
69    |Info:    |               Detecting I2C devices                |
69    |Info:    ------------------------------------------------------
1092  |Info:    ------------------------------------------------------
1092  |Info:    |            Detecting I2C DIMM modules              |
1092  |Info:    ------------------------------------------------------
1147  |Info:    [ResourceManager] Detected occupied slot 2, bus 7, type DDR5
1224  |Info:    ------------------------------------------------------
1224  |Info:    |               Detecting I2C PCI devices            |
1224  |Info:    ------------------------------------------------------
1225  |Info:    ------------------------------------------------------
1225  |Info:    |               Detecting HID devices                |
1225  |Info:    ------------------------------------------------------
1277  |Info:    No matching driver found for MSI MAG B850M MORTAR WIFI (MS-7E61), packet length = 0
1277  |Info:    ------------------------------------------------------
1277  |Info:    |            Detecting libusb HID devices            |
1277  |Info:    ------------------------------------------------------
1293  |Info:    ------------------------------------------------------
1293  |Info:    |              Detecting other devices               |
1293  |Info:    ------------------------------------------------------
1317  |Info:    [ResourceManager] Calling Post-detection callbacks
1318  |Info:    ------------------------------------------------------
1318  |Info:    |                Detection completed                 |
1318  |Info:    ------------------------------------------------------
